<?xml version="1.0" encoding="UTF-8"?>
<!-- Generated by org.testng.reporters.JUnitReportReporter -->
<testsuite name="test.Testmail" tests="2" time="9.037" ignored="0" failures="0" timestamp="23 июл 2018 14:20:50 GMT" skipped="0" hostname="WORK-ПК" errors="0">
  <testcase name="letter_send" time="3.312" classname="test.Testmail"/>
  <testcase name="logincorrect" time="5.725" classname="test.Testmail"/>
</testsuite> <!-- test.Testmail -->
